Thomas played 8D
Lucian played 7D
Eugen played 9D
Eric played QD

Eric played 10C
Thomas played AD
Lucian played KC
Eugen played JC

Lucian played AS
Eugen played 8S
Eric played KS
Thomas played 9S

Lucian played 7S
Eugen played KH
Eric played 8C
Thomas played 10S

Thomas played KD
Lucian played QC
Eugen played 10D
Eric played 9C

Thomas played JD
Lucian played JS
Eugen played 10H
Eric played 7H

Thomas played JH
Lucian played 7C
Eugen played 8H
Eric played 9H

Thomas played AH
Lucian played QS
Eugen played QH
Eric played AC

